<?xml version="1.0" encoding="UTF-8"?>
<!-- Generated by org.testng.reporters.JUnitReportReporter -->
<testsuite hostname="DESKTOP-3RHQS1L" failures="0" tests="1" name="SCM.Manufacturer.AddProduct" time="16.763" errors="0" timestamp="03 Jun 2024 14:50:09 GMT" skipped="0">
  <testcase classname="SCM.Manufacturer.AddProduct" name="addProduct" time="16.763"/>
</testsuite> <!-- SCM.Manufacturer.AddProduct -->
