<?xml version="1.0" encoding="UTF-8"?>
<!-- Generated by org.testng.reporters.JUnitReportReporter -->
<testsuite hostname="DESKTOP-3RHQS1L" failures="0" tests="1" name="SCM.Manufacturer.CreateUnitType_M" time="14.395" errors="0" timestamp="04 Jun 2024 05:48:08 GMT" skipped="0">
  <testcase classname="SCM.Manufacturer.CreateUnitType_M" name="createManUnitType" time="14.395"/>
</testsuite> <!-- SCM.Manufacturer.CreateUnitType_M -->
