<?xml version="1.0" encoding="UTF-8"?>
<!-- Generated by org.testng.reporters.JUnitReportReporter -->
<testsuite hostname="DESKTOP-3RHQS1L" failures="0" tests="1" name="SCM.Manufacturer.EditManProfileTest" time="11.689" errors="0" timestamp="04 Jun 2024 05:24:34 GMT" skipped="0">
  <testcase classname="SCM.Manufacturer.EditManProfileTest" name="editMProfiletest" time="11.689"/>
</testsuite> <!-- SCM.Manufacturer.EditManProfileTest -->
